<?xml version="1.0" encoding="UTF-8"?>
<testsuite xmlns:xsi="http://www.w3.org/2001/XMLSchema-instance" xsi:noNamespaceSchemaLocation="https://maven.apache.org/surefire/maven-surefire-plugin/xsd/surefire-test-report-3.0.xsd" version="3.0" name="com.svvt.CodeCoverage.EightQueenDeepSeekTest" time="0.0" tests="5" errors="0" skipped="0" failures="0">
  <properties>
    <property name="java.specification.version" value="20"/>
    <property name="sun.jnu.encoding" value="UTF-8"/>
    <property name="java.class.path" value="/Users/prasheelnandwana/eclipse-workspace/CodeCoverage/target/test-classes:/Users/prasheelnandwana/eclipse-workspace/CodeCoverage/target/classes:/Users/prasheelnandwana/.m2/repository/junit/junit/4.11/junit-4.11.jar:/Users/prasheelnandwana/.m2/repository/org/hamcrest/hamcrest-core/1.3/hamcrest-core-1.3.jar:"/>
    <property name="java.vm.vendor" value="Oracle Corporation"/>
    <property name="sun.arch.data.model" value="64"/>
    <property name="java.vendor.url" value="https://java.oracle.com/"/>
    <property name="os.name" value="Mac OS X"/>
    <property name="java.vm.specification.version" value="20"/>
    <property name="sun.java.launcher" value="SUN_STANDARD"/>
    <property name="user.country" value="US"/>
    <property name="sun.boot.library.path" value="/Library/Java/JavaVirtualMachines/jdk-20.jdk/Contents/Home/lib"/>
    <property name="sun.java.command" value="/Users/prasheelnandwana/eclipse-workspace/CodeCoverage/target/surefire/surefirebooter-20240407191048211_3.jar /Users/prasheelnandwana/eclipse-workspace/CodeCoverage/target/surefire 2024-04-07T19-10-48_167-jvmRun1 surefire-20240407191048211_1tmp surefire_0-20240407191048211_2tmp"/>
    <property name="http.nonProxyHosts" value="local|*.local|169.254/16|*.169.254/16"/>
    <property name="jdk.debug" value="release"/>
    <property name="surefire.test.class.path" value="/Users/prasheelnandwana/eclipse-workspace/CodeCoverage/target/test-classes:/Users/prasheelnandwana/eclipse-workspace/CodeCoverage/target/classes:/Users/prasheelnandwana/.m2/repository/junit/junit/4.11/junit-4.11.jar:/Users/prasheelnandwana/.m2/repository/org/hamcrest/hamcrest-core/1.3/hamcrest-core-1.3.jar:"/>
    <property name="sun.cpu.endian" value="little"/>
    <property name="user.home" value="/Users/prasheelnandwana"/>
    <property name="user.language" value="en"/>
    <property name="java.specification.vendor" value="Oracle Corporation"/>
    <property name="java.version.date" value="2023-07-18"/>
    <property name="java.home" value="/Library/Java/JavaVirtualMachines/jdk-20.jdk/Contents/Home"/>
    <property name="file.separator" value="/"/>
    <property name="basedir" value="/Users/prasheelnandwana/eclipse-workspace/CodeCoverage"/>
    <property name="style.color" value="always"/>
    <property name="java.vm.compressedOopsMode" value="Zero based"/>
    <property name="line.separator" value="&#10;"/>
    <property name="java.vm.specification.vendor" value="Oracle Corporation"/>
    <property name="java.specification.name" value="Java Platform API Specification"/>
    <property name="apple.awt.application.name" value="ForkedBooter"/>
    <property name="surefire.real.class.path" value="/Users/prasheelnandwana/eclipse-workspace/CodeCoverage/target/surefire/surefirebooter-20240407191048211_3.jar"/>
    <property name="sun.management.compiler" value="HotSpot 64-Bit Tiered Compilers"/>
    <property name="ftp.nonProxyHosts" value="local|*.local|169.254/16|*.169.254/16"/>
    <property name="java.runtime.version" value="20.0.2+9-78"/>
    <property name="user.name" value="prasheelnandwana"/>
    <property name="stdout.encoding" value="UTF-8"/>
    <property name="path.separator" value=":"/>
    <property name="os.version" value="14.4.1"/>
    <property name="java.runtime.name" value="Java(TM) SE Runtime Environment"/>
    <property name="file.encoding" value="UTF-8"/>
    <property name="java.vm.name" value="Java HotSpot(TM) 64-Bit Server VM"/>
    <property name="localRepository" value="/Users/prasheelnandwana/.m2/repository"/>
    <property name="java.vendor.url.bug" value="https://bugreport.java.com/bugreport/"/>
    <property name="java.io.tmpdir" value="/var/folders/6b/fbm7gdr958l929ns60cp3jdc0000gn/T/"/>
    <property name="java.version" value="20.0.2"/>
    <property name="user.dir" value="/Users/prasheelnandwana/eclipse-workspace/CodeCoverage"/>
    <property name="os.arch" value="aarch64"/>
    <property name="java.vm.specification.name" value="Java Virtual Machine Specification"/>
    <property name="native.encoding" value="UTF-8"/>
    <property name="java.library.path" value="/Users/prasheelnandwana/Library/Java/Extensions:/Library/Java/Extensions:/Network/Library/Java/Extensions:/System/Library/Java/Extensions:/usr/lib/java:."/>
    <property name="java.vm.info" value="mixed mode, sharing"/>
    <property name="stderr.encoding" value="UTF-8"/>
    <property name="java.vendor" value="Oracle Corporation"/>
    <property name="java.vm.version" value="20.0.2+9-78"/>
    <property name="sun.io.unicode.encoding" value="UnicodeBig"/>
    <property name="socksNonProxyHosts" value="local|*.local|169.254/16|*.169.254/16"/>
    <property name="java.class.version" value="64.0"/>
  </properties>
  <testcase name="testQueensAreSafe_ValidInput_ReturnsTrue" classname="com.svvt.CodeCoverage.EightQueenDeepSeekTest" time="0.0"/>
  <testcase name="testQueensAreSafe_InvalidCharsInput_ThrowsAssertionError" classname="com.svvt.CodeCoverage.EightQueenDeepSeekTest" time="0.0"/>
  <testcase name="testQueensAreSafe_AllQueensAreUnsafe_ReturnsFalse" classname="com.svvt.CodeCoverage.EightQueenDeepSeekTest" time="0.0"/>
  <testcase name="testQueensAreSafe_NullInput_ThrowsAssertionError" classname="com.svvt.CodeCoverage.EightQueenDeepSeekTest" time="0.0"/>
  <testcase name="testQueensAreSafe_NonSquareInput_ThrowsAssertionError" classname="com.svvt.CodeCoverage.EightQueenDeepSeekTest" time="0.0"/>
</testsuite>